[train_l3] seed=1 (cudnn.deterministic=False)
[train_l3] device: cuda
[train_l3] sent train=4620 val=1680 | phoneme sample=256 | word sample=256
[train_l3] loaded L1 from checkpoints/l1_phoneme.pt
[train_l3] loaded L2 (501 classes) from checkpoints/l2_phase2_extended.pt
[train_l3] sentence window: 2000.0ms = 32000 samples; word window: 400.0ms = 6400 samples
[train_l3] logging → /workspace/FICU/ficu_crfm/runs/cascade_seed1/cascade.csv
[train_l3] L1 baseline TBI (initial): 0.5237 ± 0.1111
  [L3 ep 0] step 14/145 ( 9.7%) λ=0.000 L3_TBI~0.469 upd~1.00
  [L3 ep 0] step 28/145 (19.3%) λ=0.000 L3_TBI~0.472 upd~1.00
  [L3 ep 0] step 42/145 (29.0%) λ=0.000 L3_TBI~0.508 upd~1.00
  [L3 ep 0] step 56/145 (38.6%) λ=0.000 L3_TBI~0.237 upd~1.00
  [L3 ep 0] step 70/145 (48.3%) λ=0.000 L3_TBI~0.450 upd~1.00
  [L3 ep 0] step 84/145 (57.9%) λ=0.000 L3_TBI~0.414 upd~1.00
  [L3 ep 0] step 98/145 (67.6%) λ=0.000 L3_TBI~0.475 upd~1.00
  [L3 ep 0] step 112/145 (77.2%) λ=0.000 L3_TBI~0.497 upd~1.00
  [L3 ep 0] step 126/145 (86.9%) λ=0.000 L3_TBI~0.441 upd~1.00
  [L3 ep 0] step 140/145 (96.6%) λ=0.000 L3_TBI~0.493 upd~1.00
Epoch 0: L3_val= 50.9% L2_val= 21.5% | L1_TBI=0.524±0.111 | L2_TBI=0.349±0.216 | L3_TBI=0.449±0.171 | λ_L3L2=0.000 λ_L2L1=0.000 | upd=1.00 (40s)
  [L3 ep 1] step 14/145 ( 9.7%) λ=0.263 L3_TBI~0.472 upd~0.97
  [L3 ep 1] step 28/145 (19.3%) λ=0.263 L3_TBI~0.480 upd~1.00
  [L3 ep 1] step 42/145 (29.0%) λ=0.263 L3_TBI~0.455 upd~1.00
  [L3 ep 1] step 56/145 (38.6%) λ=0.263 L3_TBI~0.463 upd~1.00
  [L3 ep 1] step 70/145 (48.3%) λ=0.263 L3_TBI~0.484 upd~1.00
  [L3 ep 1] step 84/145 (57.9%) λ=0.263 L3_TBI~0.468 upd~1.00
  [L3 ep 1] step 98/145 (67.6%) λ=0.263 L3_TBI~0.256 upd~1.00
  [L3 ep 1] step 112/145 (77.2%) λ=0.263 L3_TBI~0.412 upd~0.97
  [L3 ep 1] step 126/145 (86.9%) λ=0.263 L3_TBI~0.488 upd~1.00
  [L3 ep 1] step 140/145 (96.6%) λ=0.263 L3_TBI~0.435 upd~1.00
Epoch 1: L3_val= 52.3% L2_val= 23.0% | L1_TBI=0.524±0.111 | L2_TBI=0.364±0.232 | L3_TBI=0.439±0.161 | λ_L3L2=0.263 λ_L2L1=0.263 | upd=1.00 (40s)
  [L3 ep 2] step 14/145 ( 9.7%) λ=0.526 L3_TBI~0.320 upd~1.00
  [L3 ep 2] step 28/145 (19.3%) λ=0.526 L3_TBI~0.423 upd~0.97
  [L3 ep 2] step 42/145 (29.0%) λ=0.526 L3_TBI~0.442 upd~0.97
  [L3 ep 2] step 56/145 (38.6%) λ=0.526 L3_TBI~0.454 upd~0.97
  [L3 ep 2] step 70/145 (48.3%) λ=0.526 L3_TBI~0.405 upd~1.00
  [L3 ep 2] step 84/145 (57.9%) λ=0.526 L3_TBI~0.441 upd~1.00
  [L3 ep 2] step 98/145 (67.6%) λ=0.526 L3_TBI~0.465 upd~1.00
  [L3 ep 2] step 112/145 (77.2%) λ=0.526 L3_TBI~0.462 upd~0.97
  [L3 ep 2] step 126/145 (86.9%) λ=0.526 L3_TBI~0.389 upd~0.94
  [L3 ep 2] step 140/145 (96.6%) λ=0.526 L3_TBI~0.465 upd~0.97
Epoch 2: L3_val= 55.1% L2_val= 23.0% | L1_TBI=0.524±0.111 | L2_TBI=0.402±0.288 | L3_TBI=0.424±0.161 | λ_L3L2=0.526 λ_L2L1=0.526 | upd=0.97 (40s)
  [L3 ep 3] step 14/145 ( 9.7%) λ=0.789 L3_TBI~0.450 upd~0.91
  [L3 ep 3] step 28/145 (19.3%) λ=0.789 L3_TBI~0.400 upd~0.84
  [L3 ep 3] step 42/145 (29.0%) λ=0.789 L3_TBI~0.417 upd~0.97
  [L3 ep 3] step 56/145 (38.6%) λ=0.789 L3_TBI~0.414 upd~0.88
  [L3 ep 3] step 70/145 (48.3%) λ=0.789 L3_TBI~0.427 upd~0.88
  [L3 ep 3] step 84/145 (57.9%) λ=0.789 L3_TBI~0.445 upd~0.91
  [L3 ep 3] step 98/145 (67.6%) λ=0.789 L3_TBI~0.378 upd~1.00
  [L3 ep 3] step 112/145 (77.2%) λ=0.789 L3_TBI~0.382 upd~0.94
  [L3 ep 3] step 126/145 (86.9%) λ=0.789 L3_TBI~0.444 upd~0.84
  [L3 ep 3] step 140/145 (96.6%) λ=0.789 L3_TBI~0.426 upd~0.78
Epoch 3: L3_val= 53.5% L2_val= 23.0% | L1_TBI=0.524±0.111 | L2_TBI=0.415±0.322 | L3_TBI=0.408±0.158 | λ_L3L2=0.789 λ_L2L1=0.789 | upd=0.91 (40s)
  [L3 ep 4] step 14/145 ( 9.7%) λ=1.053 L3_TBI~0.436 upd~0.75
  [L3 ep 4] step 28/145 (19.3%) λ=1.053 L3_TBI~0.382 upd~0.84
  [L3 ep 4] step 42/145 (29.0%) λ=1.053 L3_TBI~0.403 upd~0.91
  [L3 ep 4] step 56/145 (38.6%) λ=1.053 L3_TBI~0.436 upd~0.91
  [L3 ep 4] step 70/145 (48.3%) λ=1.053 L3_TBI~0.456 upd~0.97
  [L3 ep 4] step 84/145 (57.9%) λ=1.053 L3_TBI~0.424 upd~0.91
  [L3 ep 4] step 98/145 (67.6%) λ=1.053 L3_TBI~0.444 upd~0.84
  [L3 ep 4] step 112/145 (77.2%) λ=1.053 L3_TBI~0.429 upd~0.94
  [L3 ep 4] step 126/145 (86.9%) λ=1.053 L3_TBI~0.339 upd~0.88
  [L3 ep 4] step 140/145 (96.6%) λ=1.053 L3_TBI~0.149 upd~1.00
Epoch 4: L3_val= 54.7% L2_val= 23.0% | L1_TBI=0.524±0.111 | L2_TBI=0.414±0.324 | L3_TBI=0.404±0.155 | λ_L3L2=1.053 λ_L2L1=1.053 | upd=0.86 (39s)
  [L3 ep 5] step 14/145 ( 9.7%) λ=1.316 L3_TBI~0.390 upd~0.69
  [L3 ep 5] step 28/145 (19.3%) λ=1.316 L3_TBI~0.343 upd~0.84
  [L3 ep 5] step 42/145 (29.0%) λ=1.316 L3_TBI~0.402 upd~0.84
  [L3 ep 5] step 56/145 (38.6%) λ=1.316 L3_TBI~0.358 upd~0.94
  [L3 ep 5] step 70/145 (48.3%) λ=1.316 L3_TBI~0.321 upd~0.81
  [L3 ep 5] step 84/145 (57.9%) λ=1.316 L3_TBI~0.384 upd~0.88
  [L3 ep 5] step 98/145 (67.6%) λ=1.316 L3_TBI~0.367 upd~0.84
  [L3 ep 5] step 112/145 (77.2%) λ=1.316 L3_TBI~0.386 upd~0.78
  [L3 ep 5] step 126/145 (86.9%) λ=1.316 L3_TBI~0.360 upd~0.75
  [L3 ep 5] step 140/145 (96.6%) λ=1.316 L3_TBI~0.374 upd~0.91
Epoch 5: L3_val= 55.3% L2_val= 22.7% | L1_TBI=0.524±0.111 | L2_TBI=0.418±0.327 | L3_TBI=0.382±0.150 | λ_L3L2=1.316 λ_L2L1=1.316 | upd=0.84 (39s)
  [L3 ep 6] step 14/145 ( 9.7%) λ=1.579 L3_TBI~0.319 upd~0.91
  [L3 ep 6] step 28/145 (19.3%) λ=1.579 L3_TBI~0.340 upd~0.81
  [L3 ep 6] step 42/145 (29.0%) λ=1.579 L3_TBI~0.386 upd~0.81
  [L3 ep 6] step 56/145 (38.6%) λ=1.579 L3_TBI~0.353 upd~0.81
  [L3 ep 6] step 70/145 (48.3%) λ=1.579 L3_TBI~0.287 upd~0.94
  [L3 ep 6] step 84/145 (57.9%) λ=1.579 L3_TBI~0.360 upd~0.78
  [L3 ep 6] step 98/145 (67.6%) λ=1.579 L3_TBI~0.335 upd~0.84
  [L3 ep 6] step 112/145 (77.2%) λ=1.579 L3_TBI~0.379 upd~0.84
  [L3 ep 6] step 126/145 (86.9%) λ=1.579 L3_TBI~0.393 upd~0.88
  [L3 ep 6] step 140/145 (96.6%) λ=1.579 L3_TBI~0.382 upd~0.91
Epoch 6: L3_val= 53.1% L2_val= 22.3% | L1_TBI=0.524±0.111 | L2_TBI=0.421±0.329 | L3_TBI=0.355±0.138 | λ_L3L2=1.579 λ_L2L1=1.579 | upd=0.86 (40s)
  [L3 ep 7] step 14/145 ( 9.7%) λ=1.842 L3_TBI~0.344 upd~0.81
  [L3 ep 7] step 28/145 (19.3%) λ=1.842 L3_TBI~0.376 upd~0.84
  [L3 ep 7] step 42/145 (29.0%) λ=1.842 L3_TBI~0.312 upd~0.94
  [L3 ep 7] step 56/145 (38.6%) λ=1.842 L3_TBI~0.379 upd~0.81
  [L3 ep 7] step 70/145 (48.3%) λ=1.842 L3_TBI~0.365 upd~0.72
  [L3 ep 7] step 84/145 (57.9%) λ=1.842 L3_TBI~0.323 upd~0.81
  [L3 ep 7] step 98/145 (67.6%) λ=1.842 L3_TBI~0.377 upd~0.88
  [L3 ep 7] step 112/145 (77.2%) λ=1.842 L3_TBI~0.324 upd~0.94
  [L3 ep 7] step 126/145 (86.9%) λ=1.842 L3_TBI~0.378 upd~0.69
  [L3 ep 7] step 140/145 (96.6%) λ=1.842 L3_TBI~0.327 upd~0.88
Epoch 7: L3_val= 55.5% L2_val= 22.3% | L1_TBI=0.524±0.111 | L2_TBI=0.428±0.330 | L3_TBI=0.333±0.134 | λ_L3L2=1.842 λ_L2L1=1.842 | upd=0.87 (40s)
  [L3 ep 8] step 14/145 ( 9.7%) λ=2.105 L3_TBI~0.309 upd~0.91
  [L3 ep 8] step 28/145 (19.3%) λ=2.105 L3_TBI~0.301 upd~0.91
  [L3 ep 8] step 42/145 (29.0%) λ=2.105 L3_TBI~0.354 upd~0.97
  [L3 ep 8] step 56/145 (38.6%) λ=2.105 L3_TBI~0.314 upd~0.91
  [L3 ep 8] step 70/145 (48.3%) λ=2.105 L3_TBI~0.323 upd~0.97
  [L3 ep 8] step 84/145 (57.9%) λ=2.105 L3_TBI~0.308 upd~0.88
  [L3 ep 8] step 98/145 (67.6%) λ=2.105 L3_TBI~0.246 upd~0.94
  [L3 ep 8] step 112/145 (77.2%) λ=2.105 L3_TBI~0.359 upd~0.84
  [L3 ep 8] step 126/145 (86.9%) λ=2.105 L3_TBI~0.312 upd~0.84
  [L3 ep 8] step 140/145 (96.6%) λ=2.105 L3_TBI~0.307 upd~0.84
Epoch 8: L3_val= 54.9% L2_val= 22.3% | L1_TBI=0.524±0.111 | L2_TBI=0.433±0.330 | L3_TBI=0.320±0.134 | λ_L3L2=2.105 λ_L2L1=2.105 | upd=0.91 (40s)
  [L3 ep 9] step 14/145 ( 9.7%) λ=2.368 L3_TBI~0.325 upd~0.88
  [L3 ep 9] step 28/145 (19.3%) λ=2.368 L3_TBI~0.356 upd~0.91
  [L3 ep 9] step 42/145 (29.0%) λ=2.368 L3_TBI~0.316 upd~0.91
  [L3 ep 9] step 56/145 (38.6%) λ=2.368 L3_TBI~0.348 upd~0.97
  [L3 ep 9] step 70/145 (48.3%) λ=2.368 L3_TBI~0.325 upd~0.94
  [L3 ep 9] step 84/145 (57.9%) λ=2.368 L3_TBI~0.381 upd~0.84
  [L3 ep 9] step 98/145 (67.6%) λ=2.368 L3_TBI~0.332 upd~0.84
  [L3 ep 9] step 112/145 (77.2%) λ=2.368 L3_TBI~0.375 upd~0.91
  [L3 ep 9] step 126/145 (86.9%) λ=2.368 L3_TBI~0.396 upd~0.81
  [L3 ep 9] step 140/145 (96.6%) λ=2.368 L3_TBI~0.347 upd~0.84
Epoch 9: L3_val= 55.5% L2_val= 22.3% | L1_TBI=0.524±0.111 | L2_TBI=0.437±0.330 | L3_TBI=0.328±0.137 | λ_L3L2=2.368 λ_L2L1=2.368 | upd=0.89 (40s)
  [L3 ep10] step 14/145 ( 9.7%) λ=2.632 L3_TBI~0.403 upd~0.84
  [L3 ep10] step 28/145 (19.3%) λ=2.632 L3_TBI~0.370 upd~0.84
  [L3 ep10] step 42/145 (29.0%) λ=2.632 L3_TBI~0.350 upd~0.84
  [L3 ep10] step 56/145 (38.6%) λ=2.632 L3_TBI~0.367 upd~0.88
  [L3 ep10] step 70/145 (48.3%) λ=2.632 L3_TBI~0.385 upd~0.84
  [L3 ep10] step 84/145 (57.9%) λ=2.632 L3_TBI~0.392 upd~0.81
  [L3 ep10] step 98/145 (67.6%) λ=2.632 L3_TBI~0.395 upd~0.88
  [L3 ep10] step 112/145 (77.2%) λ=2.632 L3_TBI~0.404 upd~0.81
  [L3 ep10] step 126/145 (86.9%) λ=2.632 L3_TBI~0.302 upd~0.88
  [L3 ep10] step 140/145 (96.6%) λ=2.632 L3_TBI~0.348 upd~0.91
Epoch 10: L3_val= 55.3% L2_val= 22.3% | L1_TBI=0.524±0.111 | L2_TBI=0.439±0.330 | L3_TBI=0.339±0.144 | λ_L3L2=2.632 λ_L2L1=2.632 | upd=0.88 (40s)
  [L3 ep11] step 14/145 ( 9.7%) λ=2.895 L3_TBI~0.328 upd~0.94
  [L3 ep11] step 28/145 (19.3%) λ=2.895 L3_TBI~0.364 upd~0.94
  [L3 ep11] step 42/145 (29.0%) λ=2.895 L3_TBI~0.288 upd~0.88
  [L3 ep11] step 56/145 (38.6%) λ=2.895 L3_TBI~0.345 upd~1.00
  [L3 ep11] step 70/145 (48.3%) λ=2.895 L3_TBI~0.310 upd~0.88
  [L3 ep11] step 84/145 (57.9%) λ=2.895 L3_TBI~0.333 upd~0.97
  [L3 ep11] step 98/145 (67.6%) λ=2.895 L3_TBI~0.369 upd~0.91
  [L3 ep11] step 112/145 (77.2%) λ=2.895 L3_TBI~0.353 upd~0.81
  [L3 ep11] step 126/145 (86.9%) λ=2.895 L3_TBI~0.351 upd~0.78
  [L3 ep11] step 140/145 (96.6%) λ=2.895 L3_TBI~0.332 upd~0.94
Epoch 11: L3_val= 54.5% L2_val= 22.3% | L1_TBI=0.524±0.111 | L2_TBI=0.451±0.331 | L3_TBI=0.334±0.142 | λ_L3L2=2.895 λ_L2L1=2.895 | upd=0.90 (40s)
  [L3 ep12] step 14/145 ( 9.7%) λ=3.158 L3_TBI~0.317 upd~0.84
  [L3 ep12] step 28/145 (19.3%) λ=3.158 L3_TBI~0.346 upd~0.91
  [L3 ep12] step 42/145 (29.0%) λ=3.158 L3_TBI~0.354 upd~0.88
  [L3 ep12] step 56/145 (38.6%) λ=3.158 L3_TBI~0.384 upd~0.88
  [L3 ep12] step 70/145 (48.3%) λ=3.158 L3_TBI~0.317 upd~0.91
  [L3 ep12] step 84/145 (57.9%) λ=3.158 L3_TBI~0.347 upd~0.88
  [L3 ep12] step 98/145 (67.6%) λ=3.158 L3_TBI~0.403 upd~0.91
  [L3 ep12] step 112/145 (77.2%) λ=3.158 L3_TBI~0.383 upd~0.94
  [L3 ep12] step 126/145 (86.9%) λ=3.158 L3_TBI~0.423 upd~0.75
  [L3 ep12] step 140/145 (96.6%) λ=3.158 L3_TBI~0.394 upd~0.94
Epoch 12: L3_val= 54.5% L2_val= 22.3% | L1_TBI=0.524±0.111 | L2_TBI=0.469±0.334 | L3_TBI=0.364±0.147 | λ_L3L2=3.158 λ_L2L1=3.158 | upd=0.86 (40s)
  [L3 ep13] step 14/145 ( 9.7%) λ=3.421 L3_TBI~0.321 upd~0.91
  [L3 ep13] step 28/145 (19.3%) λ=3.421 L3_TBI~0.426 upd~0.72
  [L3 ep13] step 42/145 (29.0%) λ=3.421 L3_TBI~0.403 upd~0.84
  [L3 ep13] step 56/145 (38.6%) λ=3.421 L3_TBI~0.408 upd~0.88
  [L3 ep13] step 70/145 (48.3%) λ=3.421 L3_TBI~0.420 upd~0.88
  [L3 ep13] step 84/145 (57.9%) λ=3.421 L3_TBI~0.374 upd~0.91
  [L3 ep13] step 98/145 (67.6%) λ=3.421 L3_TBI~0.343 upd~0.78
  [L3 ep13] step 112/145 (77.2%) λ=3.421 L3_TBI~0.434 upd~0.84
  [L3 ep13] step 126/145 (86.9%) λ=3.421 L3_TBI~0.414 upd~0.84
  [L3 ep13] step 140/145 (96.6%) λ=3.421 L3_TBI~0.415 upd~0.94
Epoch 13: L3_val= 53.6% L2_val= 22.3% | L1_TBI=0.524±0.111 | L2_TBI=0.479±0.335 | L3_TBI=0.390±0.156 | λ_L3L2=3.421 λ_L2L1=3.421 | upd=0.85 (40s)
  [L3 ep14] step 14/145 ( 9.7%) λ=3.684 L3_TBI~0.277 upd~0.91
  [L3 ep14] step 28/145 (19.3%) λ=3.684 L3_TBI~0.431 upd~0.81
  [L3 ep14] step 42/145 (29.0%) λ=3.684 L3_TBI~0.456 upd~0.81
  [L3 ep14] step 56/145 (38.6%) λ=3.684 L3_TBI~0.438 upd~0.88
  [L3 ep14] step 70/145 (48.3%) λ=3.684 L3_TBI~0.441 upd~0.97
  [L3 ep14] step 84/145 (57.9%) λ=3.684 L3_TBI~0.397 upd~0.78
  [L3 ep14] step 98/145 (67.6%) λ=3.684 L3_TBI~0.421 upd~0.78
  [L3 ep14] step 112/145 (77.2%) λ=3.684 L3_TBI~0.421 upd~0.78
  [L3 ep14] step 126/145 (86.9%) λ=3.684 L3_TBI~0.405 upd~0.91
  [L3 ep14] step 140/145 (96.6%) λ=3.684 L3_TBI~0.420 upd~0.84
Epoch 14: L3_val= 51.0% L2_val= 22.3% | L1_TBI=0.524±0.111 | L2_TBI=0.476±0.334 | L3_TBI=0.406±0.163 | λ_L3L2=3.684 λ_L2L1=3.684 | upd=0.84 (40s)
  [L3 ep15] step 14/145 ( 9.7%) λ=3.947 L3_TBI~0.396 upd~0.78
  [L3 ep15] step 28/145 (19.3%) λ=3.947 L3_TBI~0.415 upd~0.84
  [L3 ep15] step 42/145 (29.0%) λ=3.947 L3_TBI~0.426 upd~0.88
  [L3 ep15] step 56/145 (38.6%) λ=3.947 L3_TBI~0.441 upd~0.81
  [L3 ep15] step 70/145 (48.3%) λ=3.947 L3_TBI~0.440 upd~0.72
  [L3 ep15] step 84/145 (57.9%) λ=3.947 L3_TBI~0.448 upd~0.94
  [L3 ep15] step 98/145 (67.6%) λ=3.947 L3_TBI~0.394 upd~0.78
  [L3 ep15] step 112/145 (77.2%) λ=3.947 L3_TBI~0.426 upd~0.88
  [L3 ep15] step 126/145 (86.9%) λ=3.947 L3_TBI~0.431 upd~0.91
  [L3 ep15] step 140/145 (96.6%) λ=3.947 L3_TBI~0.443 upd~0.66
Epoch 15: L3_val= 54.5% L2_val= 22.3% | L1_TBI=0.524±0.111 | L2_TBI=0.470±0.332 | L3_TBI=0.417±0.155 | λ_L3L2=3.947 λ_L2L1=3.947 | upd=0.83 (40s)
  [L3 ep16] step 14/145 ( 9.7%) λ=4.211 L3_TBI~0.439 upd~0.97
  [L3 ep16] step 28/145 (19.3%) λ=4.211 L3_TBI~0.422 upd~0.84
  [L3 ep16] step 42/145 (29.0%) λ=4.211 L3_TBI~0.173 upd~0.97
  [L3 ep16] step 56/145 (38.6%) λ=4.211 L3_TBI~0.349 upd~0.78
  [L3 ep16] step 70/145 (48.3%) λ=4.211 L3_TBI~0.461 upd~0.78
  [L3 ep16] step 84/145 (57.9%) λ=4.211 L3_TBI~0.399 upd~0.84
  [L3 ep16] step 98/145 (67.6%) λ=4.211 L3_TBI~0.389 upd~0.97
  [L3 ep16] step 112/145 (77.2%) λ=4.211 L3_TBI~0.491 upd~0.88
  [L3 ep16] step 126/145 (86.9%) λ=4.211 L3_TBI~0.468 upd~0.78
  [L3 ep16] step 140/145 (96.6%) λ=4.211 L3_TBI~0.465 upd~0.78
Epoch 16: L3_val= 53.9% L2_val= 22.3% | L1_TBI=0.524±0.111 | L2_TBI=0.470±0.332 | L3_TBI=0.429±0.167 | λ_L3L2=4.211 λ_L2L1=4.211 | upd=0.85 (40s)
  [L3 ep17] step 14/145 ( 9.7%) λ=4.474 L3_TBI~0.449 upd~0.91
  [L3 ep17] step 28/145 (19.3%) λ=4.474 L3_TBI~0.471 upd~0.91
  [L3 ep17] step 42/145 (29.0%) λ=4.474 L3_TBI~0.473 upd~0.88
  [L3 ep17] step 56/145 (38.6%) λ=4.474 L3_TBI~0.504 upd~0.91
  [L3 ep17] step 70/145 (48.3%) λ=4.474 L3_TBI~0.514 upd~0.81
  [L3 ep17] step 84/145 (57.9%) λ=4.474 L3_TBI~0.484 upd~0.88
  [L3 ep17] step 98/145 (67.6%) λ=4.474 L3_TBI~0.498 upd~0.88
  [L3 ep17] step 112/145 (77.2%) λ=4.474 L3_TBI~0.495 upd~0.78
  [L3 ep17] step 126/145 (86.9%) λ=4.474 L3_TBI~0.415 upd~0.91
  [L3 ep17] step 140/145 (96.6%) λ=4.474 L3_TBI~0.537 upd~0.84
Epoch 17: L3_val= 54.3% L2_val= 22.3% | L1_TBI=0.524±0.111 | L2_TBI=0.480±0.333 | L3_TBI=0.464±0.175 | λ_L3L2=4.474 λ_L2L1=4.474 | upd=0.85 (40s)
  [L3 ep18] step 14/145 ( 9.7%) λ=4.737 L3_TBI~0.492 upd~0.88
  [L3 ep18] step 28/145 (19.3%) λ=4.737 L3_TBI~0.492 upd~0.72
  [L3 ep18] step 42/145 (29.0%) λ=4.737 L3_TBI~0.493 upd~0.78
  [L3 ep18] step 56/145 (38.6%) λ=4.737 L3_TBI~0.494 upd~0.88
  [L3 ep18] step 70/145 (48.3%) λ=4.737 L3_TBI~0.491 upd~0.88
  [L3 ep18] step 84/145 (57.9%) λ=4.737 L3_TBI~0.545 upd~0.84
  [L3 ep18] step 98/145 (67.6%) λ=4.737 L3_TBI~0.444 upd~0.88
  [L3 ep18] step 112/145 (77.2%) λ=4.737 L3_TBI~0.445 upd~0.66
  [L3 ep18] step 126/145 (86.9%) λ=4.737 L3_TBI~0.496 upd~0.81
  [L3 ep18] step 140/145 (96.6%) λ=4.737 L3_TBI~0.231 upd~0.94
Epoch 18: L3_val= 52.1% L2_val= 22.3% | L1_TBI=0.524±0.111 | L2_TBI=0.497±0.335 | L3_TBI=0.490±0.178 | λ_L3L2=4.737 λ_L2L1=4.737 | upd=0.84 (40s)
  [L3 ep19] step 14/145 ( 9.7%) λ=5.000 L3_TBI~0.265 upd~0.94
  [L3 ep19] step 28/145 (19.3%) λ=5.000 L3_TBI~0.512 upd~0.91
  [L3 ep19] step 42/145 (29.0%) λ=5.000 L3_TBI~0.520 upd~0.91
  [L3 ep19] step 56/145 (38.6%) λ=5.000 L3_TBI~0.537 upd~0.78
  [L3 ep19] step 70/145 (48.3%) λ=5.000 L3_TBI~0.545 upd~0.72
  [L3 ep19] step 84/145 (57.9%) λ=5.000 L3_TBI~0.418 upd~0.94
  [L3 ep19] step 98/145 (67.6%) λ=5.000 L3_TBI~0.583 upd~0.84
  [L3 ep19] step 112/145 (77.2%) λ=5.000 L3_TBI~0.544 upd~0.91
  [L3 ep19] step 126/145 (86.9%) λ=5.000 L3_TBI~0.448 upd~0.72
  [L3 ep19] step 140/145 (96.6%) λ=5.000 L3_TBI~0.598 upd~0.72
Epoch 19: L3_val= 52.1% L2_val= 22.3% | L1_TBI=0.524±0.111 | L2_TBI=0.516±0.338 | L3_TBI=0.518±0.182 | λ_L3L2=5.000 λ_L2L1=5.000 | upd=0.84 (40s)
=== PHASE 3 COMPLETE ===
