[train_l3] seed=3 (cudnn.deterministic=False)
[train_l3] device: cuda
[train_l3] sent train=4620 val=1680 | phoneme sample=256 | word sample=256
[train_l3] loaded L1 from checkpoints/l1_phoneme.pt
[train_l3] loaded L2 (501 classes) from checkpoints/l2_phase2_extended.pt
[train_l3] sentence window: 2000.0ms = 32000 samples; word window: 400.0ms = 6400 samples
[train_l3] logging → /workspace/FICU/ficu_crfm/runs/cascade_seed3/cascade.csv
[train_l3] L1 baseline TBI (initial): 0.5237 ± 0.1111
  [L3 ep 0] step 14/145 ( 9.7%) λ=0.000 L3_TBI~0.386 upd~1.00
  [L3 ep 0] step 28/145 (19.3%) λ=0.000 L3_TBI~0.528 upd~1.00
  [L3 ep 0] step 42/145 (29.0%) λ=0.000 L3_TBI~0.470 upd~1.00
  [L3 ep 0] step 56/145 (38.6%) λ=0.000 L3_TBI~0.288 upd~1.00
  [L3 ep 0] step 70/145 (48.3%) λ=0.000 L3_TBI~0.515 upd~1.00
  [L3 ep 0] step 84/145 (57.9%) λ=0.000 L3_TBI~0.442 upd~1.00
  [L3 ep 0] step 98/145 (67.6%) λ=0.000 L3_TBI~0.277 upd~1.00
  [L3 ep 0] step 112/145 (77.2%) λ=0.000 L3_TBI~0.495 upd~1.00
  [L3 ep 0] step 126/145 (86.9%) λ=0.000 L3_TBI~0.454 upd~1.00
  [L3 ep 0] step 140/145 (96.6%) λ=0.000 L3_TBI~0.447 upd~1.00
Epoch 0: L3_val= 50.9% L2_val= 21.5% | L1_TBI=0.524±0.111 | L2_TBI=0.349±0.216 | L3_TBI=0.456±0.172 | λ_L3L2=0.000 λ_L2L1=0.000 | upd=1.00 (40s)
  [L3 ep 1] step 14/145 ( 9.7%) λ=0.263 L3_TBI~0.446 upd~1.00
  [L3 ep 1] step 28/145 (19.3%) λ=0.263 L3_TBI~0.448 upd~1.00
  [L3 ep 1] step 42/145 (29.0%) λ=0.263 L3_TBI~0.406 upd~1.00
  [L3 ep 1] step 56/145 (38.6%) λ=0.263 L3_TBI~0.477 upd~1.00
  [L3 ep 1] step 70/145 (48.3%) λ=0.263 L3_TBI~0.423 upd~1.00
  [L3 ep 1] step 84/145 (57.9%) λ=0.263 L3_TBI~0.436 upd~0.97
  [L3 ep 1] step 98/145 (67.6%) λ=0.263 L3_TBI~0.430 upd~1.00
  [L3 ep 1] step 112/145 (77.2%) λ=0.263 L3_TBI~0.309 upd~0.97
  [L3 ep 1] step 126/145 (86.9%) λ=0.263 L3_TBI~0.438 upd~0.97
  [L3 ep 1] step 140/145 (96.6%) λ=0.263 L3_TBI~0.446 upd~0.94
Epoch 1: L3_val= 52.0% L2_val= 23.0% | L1_TBI=0.524±0.111 | L2_TBI=0.371±0.237 | L3_TBI=0.437±0.158 | λ_L3L2=0.263 λ_L2L1=0.263 | upd=0.99 (39s)
  [L3 ep 2] step 14/145 ( 9.7%) λ=0.526 L3_TBI~0.434 upd~1.00
  [L3 ep 2] step 28/145 (19.3%) λ=0.526 L3_TBI~0.445 upd~0.97
  [L3 ep 2] step 42/145 (29.0%) λ=0.526 L3_TBI~0.458 upd~1.00
  [L3 ep 2] step 56/145 (38.6%) λ=0.526 L3_TBI~0.464 upd~1.00
  [L3 ep 2] step 70/145 (48.3%) λ=0.526 L3_TBI~0.424 upd~0.97
  [L3 ep 2] step 84/145 (57.9%) λ=0.526 L3_TBI~0.463 upd~0.97
  [L3 ep 2] step 98/145 (67.6%) λ=0.526 L3_TBI~0.446 upd~0.97
  [L3 ep 2] step 112/145 (77.2%) λ=0.526 L3_TBI~0.434 upd~0.91
  [L3 ep 2] step 126/145 (86.9%) λ=0.526 L3_TBI~0.366 upd~1.00
  [L3 ep 2] step 140/145 (96.6%) λ=0.526 L3_TBI~0.452 upd~0.97
Epoch 2: L3_val= 53.4% L2_val= 23.0% | L1_TBI=0.524±0.111 | L2_TBI=0.403±0.289 | L3_TBI=0.430±0.159 | λ_L3L2=0.526 λ_L2L1=0.526 | upd=0.97 (40s)
  [L3 ep 3] step 14/145 ( 9.7%) λ=0.789 L3_TBI~0.391 upd~0.97
  [L3 ep 3] step 28/145 (19.3%) λ=0.789 L3_TBI~0.474 upd~0.97
  [L3 ep 3] step 42/145 (29.0%) λ=0.789 L3_TBI~0.419 upd~0.97
  [L3 ep 3] step 56/145 (38.6%) λ=0.789 L3_TBI~0.314 upd~0.88
  [L3 ep 3] step 70/145 (48.3%) λ=0.789 L3_TBI~0.411 upd~0.94
  [L3 ep 3] step 84/145 (57.9%) λ=0.789 L3_TBI~0.334 upd~0.91
  [L3 ep 3] step 98/145 (67.6%) λ=0.789 L3_TBI~0.436 upd~0.94
  [L3 ep 3] step 112/145 (77.2%) λ=0.789 L3_TBI~0.458 upd~0.91
  [L3 ep 3] step 126/145 (86.9%) λ=0.789 L3_TBI~0.361 upd~0.91
  [L3 ep 3] step 140/145 (96.6%) λ=0.789 L3_TBI~0.459 upd~0.81
Epoch 3: L3_val= 53.6% L2_val= 23.0% | L1_TBI=0.524±0.111 | L2_TBI=0.414±0.322 | L3_TBI=0.412±0.155 | λ_L3L2=0.789 λ_L2L1=0.789 | upd=0.90 (40s)
  [L3 ep 4] step 14/145 ( 9.7%) λ=1.053 L3_TBI~0.437 upd~0.75
  [L3 ep 4] step 28/145 (19.3%) λ=1.053 L3_TBI~0.444 upd~0.84
  [L3 ep 4] step 42/145 (29.0%) λ=1.053 L3_TBI~0.466 upd~0.91
  [L3 ep 4] step 56/145 (38.6%) λ=1.053 L3_TBI~0.488 upd~0.75
  [L3 ep 4] step 70/145 (48.3%) λ=1.053 L3_TBI~0.362 upd~0.75
  [L3 ep 4] step 84/145 (57.9%) λ=1.053 L3_TBI~0.438 upd~0.84
  [L3 ep 4] step 98/145 (67.6%) λ=1.053 L3_TBI~0.416 upd~0.81
  [L3 ep 4] step 112/145 (77.2%) λ=1.053 L3_TBI~0.379 upd~0.81
  [L3 ep 4] step 126/145 (86.9%) λ=1.053 L3_TBI~0.343 upd~0.94
  [L3 ep 4] step 140/145 (96.6%) λ=1.053 L3_TBI~0.414 upd~0.72
Epoch 4: L3_val= 54.8% L2_val= 23.0% | L1_TBI=0.524±0.111 | L2_TBI=0.413±0.324 | L3_TBI=0.408±0.156 | λ_L3L2=1.053 λ_L2L1=1.053 | upd=0.84 (40s)
  [L3 ep 5] step 14/145 ( 9.7%) λ=1.316 L3_TBI~0.424 upd~0.62
  [L3 ep 5] step 28/145 (19.3%) λ=1.316 L3_TBI~0.431 upd~0.81
  [L3 ep 5] step 42/145 (29.0%) λ=1.316 L3_TBI~0.386 upd~0.69
  [L3 ep 5] step 56/145 (38.6%) λ=1.316 L3_TBI~0.416 upd~0.84
  [L3 ep 5] step 70/145 (48.3%) λ=1.316 L3_TBI~0.356 upd~0.94
  [L3 ep 5] step 84/145 (57.9%) λ=1.316 L3_TBI~0.406 upd~0.84
  [L3 ep 5] step 98/145 (67.6%) λ=1.316 L3_TBI~0.450 upd~0.75
  [L3 ep 5] step 112/145 (77.2%) λ=1.316 L3_TBI~0.427 upd~0.72
  [L3 ep 5] step 126/145 (86.9%) λ=1.316 L3_TBI~0.373 upd~0.75
  [L3 ep 5] step 140/145 (96.6%) λ=1.316 L3_TBI~0.365 upd~0.91
Epoch 5: L3_val= 56.0% L2_val= 22.3% | L1_TBI=0.524±0.111 | L2_TBI=0.418±0.327 | L3_TBI=0.396±0.155 | λ_L3L2=1.316 λ_L2L1=1.316 | upd=0.83 (39s)
  [L3 ep 6] step 14/145 ( 9.7%) λ=1.579 L3_TBI~0.409 upd~0.78
  [L3 ep 6] step 28/145 (19.3%) λ=1.579 L3_TBI~0.374 upd~0.84
  [L3 ep 6] step 42/145 (29.0%) λ=1.579 L3_TBI~0.350 upd~0.88
  [L3 ep 6] step 56/145 (38.6%) λ=1.579 L3_TBI~0.365 upd~0.81
  [L3 ep 6] step 70/145 (48.3%) λ=1.579 L3_TBI~0.417 upd~0.84
  [L3 ep 6] step 84/145 (57.9%) λ=1.579 L3_TBI~0.426 upd~0.88
  [L3 ep 6] step 98/145 (67.6%) λ=1.579 L3_TBI~0.378 upd~0.84
  [L3 ep 6] step 112/145 (77.2%) λ=1.579 L3_TBI~0.371 upd~0.78
  [L3 ep 6] step 126/145 (86.9%) λ=1.579 L3_TBI~0.398 upd~0.88
  [L3 ep 6] step 140/145 (96.6%) λ=1.579 L3_TBI~0.340 upd~0.84
Epoch 6: L3_val= 54.6% L2_val= 22.3% | L1_TBI=0.524±0.111 | L2_TBI=0.423±0.329 | L3_TBI=0.372±0.145 | λ_L3L2=1.579 λ_L2L1=1.579 | upd=0.85 (40s)
  [L3 ep 7] step 14/145 ( 9.7%) λ=1.842 L3_TBI~0.427 upd~0.81
  [L3 ep 7] step 28/145 (19.3%) λ=1.842 L3_TBI~0.437 upd~0.91
  [L3 ep 7] step 42/145 (29.0%) λ=1.842 L3_TBI~0.377 upd~0.75
  [L3 ep 7] step 56/145 (38.6%) λ=1.842 L3_TBI~0.390 upd~0.81
  [L3 ep 7] step 70/145 (48.3%) λ=1.842 L3_TBI~0.367 upd~0.94
  [L3 ep 7] step 84/145 (57.9%) λ=1.842 L3_TBI~0.388 upd~0.81
  [L3 ep 7] step 98/145 (67.6%) λ=1.842 L3_TBI~0.372 upd~0.84
  [L3 ep 7] step 112/145 (77.2%) λ=1.842 L3_TBI~0.420 upd~0.84
  [L3 ep 7] step 126/145 (86.9%) λ=1.842 L3_TBI~0.402 upd~0.91
  [L3 ep 7] step 140/145 (96.6%) λ=1.842 L3_TBI~0.353 upd~0.88
Epoch 7: L3_val= 55.8% L2_val= 22.3% | L1_TBI=0.524±0.111 | L2_TBI=0.428±0.330 | L3_TBI=0.370±0.148 | λ_L3L2=1.842 λ_L2L1=1.842 | upd=0.85 (40s)
  [L3 ep 8] step 14/145 ( 9.7%) λ=2.105 L3_TBI~0.363 upd~0.72
  [L3 ep 8] step 28/145 (19.3%) λ=2.105 L3_TBI~0.313 upd~0.81
  [L3 ep 8] step 42/145 (29.0%) λ=2.105 L3_TBI~0.405 upd~0.81
  [L3 ep 8] step 56/145 (38.6%) λ=2.105 L3_TBI~0.373 upd~0.91
  [L3 ep 8] step 70/145 (48.3%) λ=2.105 L3_TBI~0.362 upd~0.75
  [L3 ep 8] step 84/145 (57.9%) λ=2.105 L3_TBI~0.329 upd~0.81
  [L3 ep 8] step 98/145 (67.6%) λ=2.105 L3_TBI~0.414 upd~0.88
  [L3 ep 8] step 112/145 (77.2%) λ=2.105 L3_TBI~0.390 upd~0.84
  [L3 ep 8] step 126/145 (86.9%) λ=2.105 L3_TBI~0.390 upd~0.75
  [L3 ep 8] step 140/145 (96.6%) λ=2.105 L3_TBI~0.342 upd~0.81
Epoch 8: L3_val= 56.8% L2_val= 22.3% | L1_TBI=0.524±0.111 | L2_TBI=0.433±0.330 | L3_TBI=0.367±0.148 | λ_L3L2=2.105 λ_L2L1=2.105 | upd=0.85 (40s)
  [L3 ep 9] step 14/145 ( 9.7%) λ=2.368 L3_TBI~0.384 upd~0.69
  [L3 ep 9] step 28/145 (19.3%) λ=2.368 L3_TBI~0.400 upd~0.91
  [L3 ep 9] step 42/145 (29.0%) λ=2.368 L3_TBI~0.380 upd~0.81
  [L3 ep 9] step 56/145 (38.6%) λ=2.368 L3_TBI~0.404 upd~0.94
  [L3 ep 9] step 70/145 (48.3%) λ=2.368 L3_TBI~0.382 upd~0.88
  [L3 ep 9] step 84/145 (57.9%) λ=2.368 L3_TBI~0.365 upd~0.88
  [L3 ep 9] step 98/145 (67.6%) λ=2.368 L3_TBI~0.417 upd~0.91
  [L3 ep 9] step 112/145 (77.2%) λ=2.368 L3_TBI~0.379 upd~0.91
  [L3 ep 9] step 126/145 (86.9%) λ=2.368 L3_TBI~0.424 upd~0.91
  [L3 ep 9] step 140/145 (96.6%) λ=2.368 L3_TBI~0.392 upd~0.88
Epoch 9: L3_val= 54.1% L2_val= 22.3% | L1_TBI=0.524±0.111 | L2_TBI=0.435±0.330 | L3_TBI=0.374±0.148 | λ_L3L2=2.368 λ_L2L1=2.368 | upd=0.86 (40s)
  [L3 ep10] step 14/145 ( 9.7%) λ=2.632 L3_TBI~0.446 upd~0.94
  [L3 ep10] step 28/145 (19.3%) λ=2.632 L3_TBI~0.456 upd~0.78
  [L3 ep10] step 42/145 (29.0%) λ=2.632 L3_TBI~0.401 upd~0.84
  [L3 ep10] step 56/145 (38.6%) λ=2.632 L3_TBI~0.389 upd~0.91
  [L3 ep10] step 70/145 (48.3%) λ=2.632 L3_TBI~0.420 upd~0.97
  [L3 ep10] step 84/145 (57.9%) λ=2.632 L3_TBI~0.195 upd~0.97
  [L3 ep10] step 98/145 (67.6%) λ=2.632 L3_TBI~0.364 upd~0.91
  [L3 ep10] step 112/145 (77.2%) λ=2.632 L3_TBI~0.395 upd~0.81
  [L3 ep10] step 126/145 (86.9%) λ=2.632 L3_TBI~0.362 upd~0.94
  [L3 ep10] step 140/145 (96.6%) λ=2.632 L3_TBI~0.400 upd~0.84
Epoch 10: L3_val= 55.9% L2_val= 22.3% | L1_TBI=0.524±0.111 | L2_TBI=0.439±0.330 | L3_TBI=0.387±0.153 | λ_L3L2=2.632 λ_L2L1=2.632 | upd=0.85 (40s)
  [L3 ep11] step 14/145 ( 9.7%) λ=2.895 L3_TBI~0.085 upd~1.00
  [L3 ep11] step 28/145 (19.3%) λ=2.895 L3_TBI~0.426 upd~0.84
  [L3 ep11] step 42/145 (29.0%) λ=2.895 L3_TBI~0.415 upd~0.84
  [L3 ep11] step 56/145 (38.6%) λ=2.895 L3_TBI~0.436 upd~0.94
  [L3 ep11] step 70/145 (48.3%) λ=2.895 L3_TBI~0.440 upd~0.91
  [L3 ep11] step 84/145 (57.9%) λ=2.895 L3_TBI~0.426 upd~0.94
  [L3 ep11] step 98/145 (67.6%) λ=2.895 L3_TBI~0.351 upd~0.78
  [L3 ep11] step 112/145 (77.2%) λ=2.895 L3_TBI~0.427 upd~0.84
  [L3 ep11] step 126/145 (86.9%) λ=2.895 L3_TBI~0.429 upd~0.97
  [L3 ep11] step 140/145 (96.6%) λ=2.895 L3_TBI~0.403 upd~0.84
Epoch 11: L3_val= 56.6% L2_val= 22.3% | L1_TBI=0.524±0.111 | L2_TBI=0.449±0.331 | L3_TBI=0.400±0.158 | λ_L3L2=2.895 λ_L2L1=2.895 | upd=0.84 (40s)
  [L3 ep12] step 14/145 ( 9.7%) λ=3.158 L3_TBI~0.448 upd~0.91
  [L3 ep12] step 28/145 (19.3%) λ=3.158 L3_TBI~0.417 upd~0.91
  [L3 ep12] step 42/145 (29.0%) λ=3.158 L3_TBI~0.353 upd~0.91
  [L3 ep12] step 56/145 (38.6%) λ=3.158 L3_TBI~0.315 upd~0.94
  [L3 ep12] step 70/145 (48.3%) λ=3.158 L3_TBI~0.378 upd~0.94
  [L3 ep12] step 84/145 (57.9%) λ=3.158 L3_TBI~0.440 upd~0.91
  [L3 ep12] step 98/145 (67.6%) λ=3.158 L3_TBI~0.399 upd~0.81
  [L3 ep12] step 112/145 (77.2%) λ=3.158 L3_TBI~0.429 upd~0.94
  [L3 ep12] step 126/145 (86.9%) λ=3.158 L3_TBI~0.428 upd~0.91
  [L3 ep12] step 140/145 (96.6%) λ=3.158 L3_TBI~0.415 upd~0.88
Epoch 12: L3_val= 51.7% L2_val= 22.3% | L1_TBI=0.524±0.111 | L2_TBI=0.467±0.334 | L3_TBI=0.409±0.164 | λ_L3L2=3.158 λ_L2L1=3.158 | upd=0.86 (40s)
  [L3 ep13] step 14/145 ( 9.7%) λ=3.421 L3_TBI~0.414 upd~0.78
  [L3 ep13] step 28/145 (19.3%) λ=3.421 L3_TBI~0.496 upd~0.66
  [L3 ep13] step 42/145 (29.0%) λ=3.421 L3_TBI~0.412 upd~0.91
  [L3 ep13] step 56/145 (38.6%) λ=3.421 L3_TBI~0.434 upd~0.75
  [L3 ep13] step 70/145 (48.3%) λ=3.421 L3_TBI~0.431 upd~0.91
  [L3 ep13] step 84/145 (57.9%) λ=3.421 L3_TBI~0.449 upd~0.88
  [L3 ep13] step 98/145 (67.6%) λ=3.421 L3_TBI~0.418 upd~0.84
  [L3 ep13] step 112/145 (77.2%) λ=3.421 L3_TBI~0.444 upd~0.97
  [L3 ep13] step 126/145 (86.9%) λ=3.421 L3_TBI~0.475 upd~0.84
  [L3 ep13] step 140/145 (96.6%) λ=3.421 L3_TBI~0.443 upd~0.78
Epoch 13: L3_val= 52.9% L2_val= 22.3% | L1_TBI=0.524±0.111 | L2_TBI=0.478±0.335 | L3_TBI=0.422±0.164 | λ_L3L2=3.421 λ_L2L1=3.421 | upd=0.84 (39s)
  [L3 ep14] step 14/145 ( 9.7%) λ=3.684 L3_TBI~0.420 upd~0.72
  [L3 ep14] step 28/145 (19.3%) λ=3.684 L3_TBI~0.474 upd~0.78
  [L3 ep14] step 42/145 (29.0%) λ=3.684 L3_TBI~0.407 upd~0.84
  [L3 ep14] step 56/145 (38.6%) λ=3.684 L3_TBI~0.456 upd~0.88
  [L3 ep14] step 70/145 (48.3%) λ=3.684 L3_TBI~0.421 upd~0.72
  [L3 ep14] step 84/145 (57.9%) λ=3.684 L3_TBI~0.449 upd~0.94
  [L3 ep14] step 98/145 (67.6%) λ=3.684 L3_TBI~0.440 upd~0.69
  [L3 ep14] step 112/145 (77.2%) λ=3.684 L3_TBI~0.463 upd~0.91
  [L3 ep14] step 126/145 (86.9%) λ=3.684 L3_TBI~0.431 upd~0.84
  [L3 ep14] step 140/145 (96.6%) λ=3.684 L3_TBI~0.491 upd~0.91
Epoch 14: L3_val= 54.5% L2_val= 22.3% | L1_TBI=0.524±0.111 | L2_TBI=0.471±0.333 | L3_TBI=0.428±0.169 | λ_L3L2=3.684 λ_L2L1=3.684 | upd=0.83 (39s)
  [L3 ep15] step 14/145 ( 9.7%) λ=3.947 L3_TBI~0.422 upd~0.91
  [L3 ep15] step 28/145 (19.3%) λ=3.947 L3_TBI~0.475 upd~0.94
  [L3 ep15] step 42/145 (29.0%) λ=3.947 L3_TBI~0.468 upd~0.91
  [L3 ep15] step 56/145 (38.6%) λ=3.947 L3_TBI~0.463 upd~0.97
  [L3 ep15] step 70/145 (48.3%) λ=3.947 L3_TBI~0.473 upd~0.97
  [L3 ep15] step 84/145 (57.9%) λ=3.947 L3_TBI~0.455 upd~0.78
  [L3 ep15] step 98/145 (67.6%) λ=3.947 L3_TBI~0.491 upd~0.84
  [L3 ep15] step 112/145 (77.2%) λ=3.947 L3_TBI~0.455 upd~0.78
  [L3 ep15] step 126/145 (86.9%) λ=3.947 L3_TBI~0.416 upd~0.84
  [L3 ep15] step 140/145 (96.6%) λ=3.947 L3_TBI~0.473 upd~0.84
Epoch 15: L3_val= 53.7% L2_val= 22.3% | L1_TBI=0.524±0.111 | L2_TBI=0.465±0.332 | L3_TBI=0.441±0.170 | λ_L3L2=3.947 λ_L2L1=3.947 | upd=0.85 (40s)
  [L3 ep16] step 14/145 ( 9.7%) λ=4.211 L3_TBI~0.513 upd~0.91
  [L3 ep16] step 28/145 (19.3%) λ=4.211 L3_TBI~0.464 upd~0.88
  [L3 ep16] step 42/145 (29.0%) λ=4.211 L3_TBI~0.445 upd~0.91
  [L3 ep16] step 56/145 (38.6%) λ=4.211 L3_TBI~0.492 upd~0.88
  [L3 ep16] step 70/145 (48.3%) λ=4.211 L3_TBI~0.455 upd~0.84
  [L3 ep16] step 84/145 (57.9%) λ=4.211 L3_TBI~0.477 upd~0.88
  [L3 ep16] step 98/145 (67.6%) λ=4.211 L3_TBI~0.355 upd~0.75
  [L3 ep16] step 112/145 (77.2%) λ=4.211 L3_TBI~0.484 upd~0.81
  [L3 ep16] step 126/145 (86.9%) λ=4.211 L3_TBI~0.463 upd~0.94
  [L3 ep16] step 140/145 (96.6%) λ=4.211 L3_TBI~0.492 upd~0.78
Epoch 16: L3_val= 54.0% L2_val= 22.3% | L1_TBI=0.524±0.111 | L2_TBI=0.464±0.331 | L3_TBI=0.457±0.174 | λ_L3L2=4.211 λ_L2L1=4.211 | upd=0.85 (40s)
  [L3 ep17] step 14/145 ( 9.7%) λ=4.474 L3_TBI~0.494 upd~0.97
  [L3 ep17] step 28/145 (19.3%) λ=4.474 L3_TBI~0.539 upd~0.78
  [L3 ep17] step 42/145 (29.0%) λ=4.474 L3_TBI~0.514 upd~0.84
  [L3 ep17] step 56/145 (38.6%) λ=4.474 L3_TBI~0.482 upd~0.88
  [L3 ep17] step 70/145 (48.3%) λ=4.474 L3_TBI~0.536 upd~0.84
  [L3 ep17] step 84/145 (57.9%) λ=4.474 L3_TBI~0.515 upd~0.75
  [L3 ep17] step 98/145 (67.6%) λ=4.474 L3_TBI~0.447 upd~0.88
  [L3 ep17] step 112/145 (77.2%) λ=4.474 L3_TBI~0.514 upd~0.88
  [L3 ep17] step 126/145 (86.9%) λ=4.474 L3_TBI~0.555 upd~0.81
  [L3 ep17] step 140/145 (96.6%) λ=4.474 L3_TBI~0.445 upd~0.81
Epoch 17: L3_val= 53.9% L2_val= 22.3% | L1_TBI=0.524±0.111 | L2_TBI=0.472±0.332 | L3_TBI=0.477±0.177 | λ_L3L2=4.474 λ_L2L1=4.474 | upd=0.84 (40s)
  [L3 ep18] step 14/145 ( 9.7%) λ=4.737 L3_TBI~0.314 upd~0.88
  [L3 ep18] step 28/145 (19.3%) λ=4.737 L3_TBI~0.494 upd~1.00
  [L3 ep18] step 42/145 (29.0%) λ=4.737 L3_TBI~0.388 upd~0.91
  [L3 ep18] step 56/145 (38.6%) λ=4.737 L3_TBI~0.515 upd~1.00
  [L3 ep18] step 70/145 (48.3%) λ=4.737 L3_TBI~0.466 upd~0.94
  [L3 ep18] step 84/145 (57.9%) λ=4.737 L3_TBI~0.500 upd~0.88
  [L3 ep18] step 98/145 (67.6%) λ=4.737 L3_TBI~0.509 upd~0.81
  [L3 ep18] step 112/145 (77.2%) λ=4.737 L3_TBI~0.533 upd~0.81
  [L3 ep18] step 126/145 (86.9%) λ=4.737 L3_TBI~0.520 upd~0.81
  [L3 ep18] step 140/145 (96.6%) λ=4.737 L3_TBI~0.533 upd~0.72
Epoch 18: L3_val= 54.6% L2_val= 22.3% | L1_TBI=0.524±0.111 | L2_TBI=0.491±0.334 | L3_TBI=0.486±0.183 | λ_L3L2=4.737 λ_L2L1=4.737 | upd=0.85 (39s)
  [L3 ep19] step 14/145 ( 9.7%) λ=5.000 L3_TBI~0.531 upd~0.88
  [L3 ep19] step 28/145 (19.3%) λ=5.000 L3_TBI~0.553 upd~0.88
  [L3 ep19] step 42/145 (29.0%) λ=5.000 L3_TBI~0.540 upd~0.91
  [L3 ep19] step 56/145 (38.6%) λ=5.000 L3_TBI~0.539 upd~0.78
  [L3 ep19] step 70/145 (48.3%) λ=5.000 L3_TBI~0.524 upd~0.78
  [L3 ep19] step 84/145 (57.9%) λ=5.000 L3_TBI~0.412 upd~0.91
  [L3 ep19] step 98/145 (67.6%) λ=5.000 L3_TBI~0.489 upd~0.81
  [L3 ep19] step 112/145 (77.2%) λ=5.000 L3_TBI~0.487 upd~0.88
  [L3 ep19] step 126/145 (86.9%) λ=5.000 L3_TBI~0.578 upd~0.75
  [L3 ep19] step 140/145 (96.6%) λ=5.000 L3_TBI~0.487 upd~0.81
Epoch 19: L3_val= 54.9% L2_val= 22.3% | L1_TBI=0.524±0.111 | L2_TBI=0.513±0.337 | L3_TBI=0.494±0.184 | λ_L3L2=5.000 λ_L2L1=5.000 | upd=0.86 (40s)
=== PHASE 3 COMPLETE ===
