[train_l3] seed=1 (cudnn.deterministic=False)
[train_l3] device: cuda
[train_l3] sent train=4620 val=1680 | phoneme sample=256 | word sample=256
[train_l3] loaded L1 from checkpoints/l1_phoneme.pt
[train_l3] loaded L2 (501 classes) from checkpoints/l2_phase2_extended.pt
[train_l3] L3 resumed from runs/l3_attenuated_fresh/l3_attenuated.pt (loaded=14/14 missing=0 unexpected=0 drive_gain=0.1)
[train_l3] sentence window: 2000.0ms = 32000 samples; word window: 400.0ms = 6400 samples
[train_l3] logging → /workspace/FICU/ficu_crfm/runs/cascade_unhealthy_seed1/cascade.csv
[train_l3] L1 baseline TBI (initial): 0.5237 ± 0.1111
  [L3 ep 0] step 14/145 ( 9.7%) λ=0.000 L3_TBI~0.158 upd~1.00
  [L3 ep 0] step 28/145 (19.3%) λ=0.000 L3_TBI~0.162 upd~1.00
  [L3 ep 0] step 42/145 (29.0%) λ=0.000 L3_TBI~0.135 upd~1.00
  [L3 ep 0] step 56/145 (38.6%) λ=0.000 L3_TBI~0.096 upd~1.00
  [L3 ep 0] step 70/145 (48.3%) λ=0.000 L3_TBI~0.159 upd~1.00
  [L3 ep 0] step 84/145 (57.9%) λ=0.000 L3_TBI~0.124 upd~1.00
  [L3 ep 0] step 98/145 (67.6%) λ=0.000 L3_TBI~0.168 upd~1.00
  [L3 ep 0] step 112/145 (77.2%) λ=0.000 L3_TBI~0.158 upd~1.00
  [L3 ep 0] step 126/145 (86.9%) λ=0.000 L3_TBI~0.134 upd~1.00
  [L3 ep 0] step 140/145 (96.6%) λ=0.000 L3_TBI~0.143 upd~1.00
Epoch 0: L3_val= 56.2% L2_val= 21.5% | L1_TBI=0.524±0.111 | L2_TBI=0.349±0.216 | L3_TBI=0.145±0.082 | λ_L3L2=0.000 λ_L2L1=0.000 | upd=1.00 (18s)
  [L3 ep 1] step 14/145 ( 9.7%) λ=0.263 L3_TBI~0.145 upd~1.00
  [L3 ep 1] step 28/145 (19.3%) λ=0.263 L3_TBI~0.190 upd~1.00
  [L3 ep 1] step 42/145 (29.0%) λ=0.263 L3_TBI~0.142 upd~1.00
  [L3 ep 1] step 56/145 (38.6%) λ=0.263 L3_TBI~0.183 upd~1.00
  [L3 ep 1] step 70/145 (48.3%) λ=0.263 L3_TBI~0.144 upd~1.00
  [L3 ep 1] step 84/145 (57.9%) λ=0.263 L3_TBI~0.143 upd~1.00
  [L3 ep 1] step 98/145 (67.6%) λ=0.263 L3_TBI~0.090 upd~1.00
  [L3 ep 1] step 112/145 (77.2%) λ=0.263 L3_TBI~0.176 upd~1.00
  [L3 ep 1] step 126/145 (86.9%) λ=0.263 L3_TBI~0.146 upd~1.00
  [L3 ep 1] step 140/145 (96.6%) λ=0.263 L3_TBI~0.131 upd~1.00
Epoch 1: L3_val= 56.1% L2_val= 21.5% | L1_TBI=0.524±0.111 | L2_TBI=0.317±0.200 | L3_TBI=0.149±0.084 | λ_L3L2=0.263 λ_L2L1=0.263 | upd=1.00 (18s)
  [L3 ep 2] step 14/145 ( 9.7%) λ=0.526 L3_TBI~0.119 upd~1.00
  [L3 ep 2] step 28/145 (19.3%) λ=0.526 L3_TBI~0.150 upd~1.00
  [L3 ep 2] step 42/145 (29.0%) λ=0.526 L3_TBI~0.134 upd~1.00
  [L3 ep 2] step 56/145 (38.6%) λ=0.526 L3_TBI~0.161 upd~1.00
  [L3 ep 2] step 70/145 (48.3%) λ=0.526 L3_TBI~0.134 upd~1.00
  [L3 ep 2] step 84/145 (57.9%) λ=0.526 L3_TBI~0.142 upd~1.00
  [L3 ep 2] step 98/145 (67.6%) λ=0.526 L3_TBI~0.171 upd~1.00
  [L3 ep 2] step 112/145 (77.2%) λ=0.526 L3_TBI~0.155 upd~1.00
  [L3 ep 2] step 126/145 (86.9%) λ=0.526 L3_TBI~0.136 upd~1.00
  [L3 ep 2] step 140/145 (96.6%) λ=0.526 L3_TBI~0.156 upd~1.00
Epoch 2: L3_val= 55.4% L2_val= 21.9% | L1_TBI=0.524±0.111 | L2_TBI=0.308±0.195 | L3_TBI=0.145±0.082 | λ_L3L2=0.526 λ_L2L1=0.526 | upd=1.00 (18s)
  [L3 ep 3] step 14/145 ( 9.7%) λ=0.789 L3_TBI~0.137 upd~1.00
  [L3 ep 3] step 28/145 (19.3%) λ=0.789 L3_TBI~0.130 upd~1.00
  [L3 ep 3] step 42/145 (29.0%) λ=0.789 L3_TBI~0.164 upd~1.00
  [L3 ep 3] step 56/145 (38.6%) λ=0.789 L3_TBI~0.132 upd~1.00
  [L3 ep 3] step 70/145 (48.3%) λ=0.789 L3_TBI~0.151 upd~1.00
  [L3 ep 3] step 84/145 (57.9%) λ=0.789 L3_TBI~0.160 upd~1.00
  [L3 ep 3] step 98/145 (67.6%) λ=0.789 L3_TBI~0.166 upd~1.00
  [L3 ep 3] step 112/145 (77.2%) λ=0.789 L3_TBI~0.162 upd~1.00
  [L3 ep 3] step 126/145 (86.9%) λ=0.789 L3_TBI~0.158 upd~1.00
  [L3 ep 3] step 140/145 (96.6%) λ=0.789 L3_TBI~0.153 upd~1.00
Epoch 3: L3_val= 55.7% L2_val= 22.3% | L1_TBI=0.524±0.111 | L2_TBI=0.306±0.195 | L3_TBI=0.143±0.086 | λ_L3L2=0.789 λ_L2L1=0.789 | upd=1.00 (18s)
  [L3 ep 4] step 14/145 ( 9.7%) λ=1.053 L3_TBI~0.136 upd~1.00
  [L3 ep 4] step 28/145 (19.3%) λ=1.053 L3_TBI~0.128 upd~1.00
  [L3 ep 4] step 42/145 (29.0%) λ=1.053 L3_TBI~0.158 upd~0.97
  [L3 ep 4] step 56/145 (38.6%) λ=1.053 L3_TBI~0.167 upd~1.00
  [L3 ep 4] step 70/145 (48.3%) λ=1.053 L3_TBI~0.143 upd~1.00
  [L3 ep 4] step 84/145 (57.9%) λ=1.053 L3_TBI~0.140 upd~1.00
  [L3 ep 4] step 98/145 (67.6%) λ=1.053 L3_TBI~0.148 upd~1.00
  [L3 ep 4] step 112/145 (77.2%) λ=1.053 L3_TBI~0.143 upd~1.00
  [L3 ep 4] step 126/145 (86.9%) λ=1.053 L3_TBI~0.123 upd~1.00
  [L3 ep 4] step 140/145 (96.6%) λ=1.053 L3_TBI~0.061 upd~1.00
Epoch 4: L3_val= 57.4% L2_val= 22.3% | L1_TBI=0.524±0.111 | L2_TBI=0.303±0.194 | L3_TBI=0.136±0.080 | λ_L3L2=1.053 λ_L2L1=1.053 | upd=1.00 (18s)
  [L3 ep 5] step 14/145 ( 9.7%) λ=1.316 L3_TBI~0.154 upd~1.00
  [L3 ep 5] step 28/145 (19.3%) λ=1.316 L3_TBI~0.106 upd~1.00
  [L3 ep 5] step 42/145 (29.0%) λ=1.316 L3_TBI~0.135 upd~1.00
  [L3 ep 5] step 56/145 (38.6%) λ=1.316 L3_TBI~0.135 upd~1.00
  [L3 ep 5] step 70/145 (48.3%) λ=1.316 L3_TBI~0.123 upd~1.00
  [L3 ep 5] step 84/145 (57.9%) λ=1.316 L3_TBI~0.130 upd~1.00
  [L3 ep 5] step 98/145 (67.6%) λ=1.316 L3_TBI~0.124 upd~1.00
  [L3 ep 5] step 112/145 (77.2%) λ=1.316 L3_TBI~0.133 upd~1.00
  [L3 ep 5] step 126/145 (86.9%) λ=1.316 L3_TBI~0.110 upd~1.00
  [L3 ep 5] step 140/145 (96.6%) λ=1.316 L3_TBI~0.133 upd~1.00
Epoch 5: L3_val= 56.7% L2_val= 22.3% | L1_TBI=0.524±0.111 | L2_TBI=0.303±0.196 | L3_TBI=0.134±0.081 | λ_L3L2=1.316 λ_L2L1=1.316 | upd=1.00 (18s)
  [L3 ep 6] step 14/145 ( 9.7%) λ=1.579 L3_TBI~0.128 upd~1.00
  [L3 ep 6] step 28/145 (19.3%) λ=1.579 L3_TBI~0.146 upd~0.97
  [L3 ep 6] step 42/145 (29.0%) λ=1.579 L3_TBI~0.187 upd~0.97
  [L3 ep 6] step 56/145 (38.6%) λ=1.579 L3_TBI~0.136 upd~0.97
  [L3 ep 6] step 70/145 (48.3%) λ=1.579 L3_TBI~0.121 upd~0.97
  [L3 ep 6] step 84/145 (57.9%) λ=1.579 L3_TBI~0.125 upd~1.00
  [L3 ep 6] step 98/145 (67.6%) λ=1.579 L3_TBI~0.137 upd~1.00
  [L3 ep 6] step 112/145 (77.2%) λ=1.579 L3_TBI~0.134 upd~1.00
  [L3 ep 6] step 126/145 (86.9%) λ=1.579 L3_TBI~0.127 upd~1.00
  [L3 ep 6] step 140/145 (96.6%) λ=1.579 L3_TBI~0.152 upd~1.00
Epoch 6: L3_val= 54.5% L2_val= 22.7% | L1_TBI=0.524±0.111 | L2_TBI=0.301±0.193 | L3_TBI=0.134±0.086 | λ_L3L2=1.579 λ_L2L1=1.579 | upd=0.99 (18s)
  [L3 ep 7] step 14/145 ( 9.7%) λ=1.842 L3_TBI~0.159 upd~1.00
  [L3 ep 7] step 28/145 (19.3%) λ=1.842 L3_TBI~0.136 upd~1.00
  [L3 ep 7] step 42/145 (29.0%) λ=1.842 L3_TBI~0.099 upd~1.00
  [L3 ep 7] step 56/145 (38.6%) λ=1.842 L3_TBI~0.158 upd~0.97
  [L3 ep 7] step 70/145 (48.3%) λ=1.842 L3_TBI~0.133 upd~1.00
  [L3 ep 7] step 84/145 (57.9%) λ=1.842 L3_TBI~0.133 upd~1.00
  [L3 ep 7] step 98/145 (67.6%) λ=1.842 L3_TBI~0.176 upd~0.94
  [L3 ep 7] step 112/145 (77.2%) λ=1.842 L3_TBI~0.153 upd~1.00
  [L3 ep 7] step 126/145 (86.9%) λ=1.842 L3_TBI~0.134 upd~0.97
  [L3 ep 7] step 140/145 (96.6%) λ=1.842 L3_TBI~0.142 upd~1.00
Epoch 7: L3_val= 56.8% L2_val= 22.7% | L1_TBI=0.524±0.111 | L2_TBI=0.302±0.195 | L3_TBI=0.132±0.081 | λ_L3L2=1.842 λ_L2L1=1.842 | upd=1.00 (18s)
  [L3 ep 8] step 14/145 ( 9.7%) λ=2.105 L3_TBI~0.122 upd~1.00
  [L3 ep 8] step 28/145 (19.3%) λ=2.105 L3_TBI~0.138 upd~1.00
  [L3 ep 8] step 42/145 (29.0%) λ=2.105 L3_TBI~0.148 upd~0.97
  [L3 ep 8] step 56/145 (38.6%) λ=2.105 L3_TBI~0.124 upd~1.00
  [L3 ep 8] step 70/145 (48.3%) λ=2.105 L3_TBI~0.126 upd~1.00
  [L3 ep 8] step 84/145 (57.9%) λ=2.105 L3_TBI~0.132 upd~1.00
  [L3 ep 8] step 98/145 (67.6%) λ=2.105 L3_TBI~0.122 upd~1.00
  [L3 ep 8] step 112/145 (77.2%) λ=2.105 L3_TBI~0.158 upd~1.00
  [L3 ep 8] step 126/145 (86.9%) λ=2.105 L3_TBI~0.124 upd~1.00
  [L3 ep 8] step 140/145 (96.6%) λ=2.105 L3_TBI~0.140 upd~1.00
Epoch 8: L3_val= 56.7% L2_val= 23.0% | L1_TBI=0.524±0.111 | L2_TBI=0.304±0.199 | L3_TBI=0.130±0.082 | λ_L3L2=2.105 λ_L2L1=2.105 | upd=1.00 (18s)
  [L3 ep 9] step 14/145 ( 9.7%) λ=2.368 L3_TBI~0.127 upd~1.00
  [L3 ep 9] step 28/145 (19.3%) λ=2.368 L3_TBI~0.159 upd~1.00
  [L3 ep 9] step 42/145 (29.0%) λ=2.368 L3_TBI~0.121 upd~1.00
  [L3 ep 9] step 56/145 (38.6%) λ=2.368 L3_TBI~0.115 upd~1.00
  [L3 ep 9] step 70/145 (48.3%) λ=2.368 L3_TBI~0.172 upd~1.00
  [L3 ep 9] step 84/145 (57.9%) λ=2.368 L3_TBI~0.136 upd~1.00
  [L3 ep 9] step 98/145 (67.6%) λ=2.368 L3_TBI~0.125 upd~1.00
  [L3 ep 9] step 112/145 (77.2%) λ=2.368 L3_TBI~0.156 upd~1.00
  [L3 ep 9] step 126/145 (86.9%) λ=2.368 L3_TBI~0.119 upd~1.00
  [L3 ep 9] step 140/145 (96.6%) λ=2.368 L3_TBI~0.149 upd~1.00
Epoch 9: L3_val= 57.3% L2_val= 23.0% | L1_TBI=0.524±0.111 | L2_TBI=0.311±0.204 | L3_TBI=0.129±0.082 | λ_L3L2=2.368 λ_L2L1=2.368 | upd=1.00 (18s)
  [L3 ep10] step 14/145 ( 9.7%) λ=2.632 L3_TBI~0.125 upd~1.00
  [L3 ep10] step 28/145 (19.3%) λ=2.632 L3_TBI~0.116 upd~1.00
  [L3 ep10] step 42/145 (29.0%) λ=2.632 L3_TBI~0.126 upd~1.00
  [L3 ep10] step 56/145 (38.6%) λ=2.632 L3_TBI~0.121 upd~1.00
  [L3 ep10] step 70/145 (48.3%) λ=2.632 L3_TBI~0.138 upd~1.00
  [L3 ep10] step 84/145 (57.9%) λ=2.632 L3_TBI~0.154 upd~0.97
  [L3 ep10] step 98/145 (67.6%) λ=2.632 L3_TBI~0.149 upd~1.00
  [L3 ep10] step 112/145 (77.2%) λ=2.632 L3_TBI~0.133 upd~1.00
  [L3 ep10] step 126/145 (86.9%) λ=2.632 L3_TBI~0.158 upd~0.97
  [L3 ep10] step 140/145 (96.6%) λ=2.632 L3_TBI~0.117 upd~1.00
Epoch 10: L3_val= 57.2% L2_val= 23.0% | L1_TBI=0.524±0.111 | L2_TBI=0.330±0.216 | L3_TBI=0.125±0.082 | λ_L3L2=2.632 λ_L2L1=2.632 | upd=1.00 (18s)
  [L3 ep11] step 14/145 ( 9.7%) λ=2.895 L3_TBI~0.117 upd~1.00
  [L3 ep11] step 28/145 (19.3%) λ=2.895 L3_TBI~0.121 upd~1.00
  [L3 ep11] step 42/145 (29.0%) λ=2.895 L3_TBI~0.133 upd~1.00
  [L3 ep11] step 56/145 (38.6%) λ=2.895 L3_TBI~0.127 upd~1.00
  [L3 ep11] step 70/145 (48.3%) λ=2.895 L3_TBI~0.125 upd~1.00
  [L3 ep11] step 84/145 (57.9%) λ=2.895 L3_TBI~0.116 upd~1.00
  [L3 ep11] step 98/145 (67.6%) λ=2.895 L3_TBI~0.123 upd~1.00
  [L3 ep11] step 112/145 (77.2%) λ=2.895 L3_TBI~0.110 upd~1.00
  [L3 ep11] step 126/145 (86.9%) λ=2.895 L3_TBI~0.117 upd~1.00
  [L3 ep11] step 140/145 (96.6%) λ=2.895 L3_TBI~0.152 upd~1.00
Epoch 11: L3_val= 57.5% L2_val= 23.0% | L1_TBI=0.524±0.111 | L2_TBI=0.360±0.230 | L3_TBI=0.123±0.080 | λ_L3L2=2.895 λ_L2L1=2.895 | upd=1.00 (18s)
  [L3 ep12] step 14/145 ( 9.7%) λ=3.158 L3_TBI~0.125 upd~1.00
  [L3 ep12] step 28/145 (19.3%) λ=3.158 L3_TBI~0.151 upd~1.00
  [L3 ep12] step 42/145 (29.0%) λ=3.158 L3_TBI~0.139 upd~1.00
  [L3 ep12] step 56/145 (38.6%) λ=3.158 L3_TBI~0.123 upd~1.00
  [L3 ep12] step 70/145 (48.3%) λ=3.158 L3_TBI~0.122 upd~1.00
  [L3 ep12] step 84/145 (57.9%) λ=3.158 L3_TBI~0.111 upd~1.00
  [L3 ep12] step 98/145 (67.6%) λ=3.158 L3_TBI~0.116 upd~1.00
  [L3 ep12] step 112/145 (77.2%) λ=3.158 L3_TBI~0.118 upd~1.00
  [L3 ep12] step 126/145 (86.9%) λ=3.158 L3_TBI~0.129 upd~1.00
  [L3 ep12] step 140/145 (96.6%) λ=3.158 L3_TBI~0.115 upd~1.00
Epoch 12: L3_val= 57.4% L2_val= 23.0% | L1_TBI=0.524±0.111 | L2_TBI=0.360±0.232 | L3_TBI=0.120±0.077 | λ_L3L2=3.158 λ_L2L1=3.158 | upd=1.00 (18s)
  [L3 ep13] step 14/145 ( 9.7%) λ=3.421 L3_TBI~0.111 upd~1.00
  [L3 ep13] step 28/145 (19.3%) λ=3.421 L3_TBI~0.106 upd~1.00
  [L3 ep13] step 42/145 (29.0%) λ=3.421 L3_TBI~0.135 upd~1.00
  [L3 ep13] step 56/145 (38.6%) λ=3.421 L3_TBI~0.117 upd~1.00
  [L3 ep13] step 70/145 (48.3%) λ=3.421 L3_TBI~0.110 upd~1.00
  [L3 ep13] step 84/145 (57.9%) λ=3.421 L3_TBI~0.100 upd~1.00
  [L3 ep13] step 98/145 (67.6%) λ=3.421 L3_TBI~0.135 upd~1.00
  [L3 ep13] step 112/145 (77.2%) λ=3.421 L3_TBI~0.116 upd~1.00
  [L3 ep13] step 126/145 (86.9%) λ=3.421 L3_TBI~0.092 upd~1.00
  [L3 ep13] step 140/145 (96.6%) λ=3.421 L3_TBI~0.109 upd~1.00
Epoch 13: L3_val= 58.0% L2_val= 23.0% | L1_TBI=0.524±0.111 | L2_TBI=0.352±0.230 | L3_TBI=0.118±0.080 | λ_L3L2=3.421 λ_L2L1=3.421 | upd=1.00 (18s)
  [L3 ep14] step 14/145 ( 9.7%) λ=3.684 L3_TBI~0.126 upd~1.00
  [L3 ep14] step 28/145 (19.3%) λ=3.684 L3_TBI~0.124 upd~1.00
  [L3 ep14] step 42/145 (29.0%) λ=3.684 L3_TBI~0.138 upd~1.00
  [L3 ep14] step 56/145 (38.6%) λ=3.684 L3_TBI~0.118 upd~1.00
  [L3 ep14] step 70/145 (48.3%) λ=3.684 L3_TBI~0.124 upd~1.00
  [L3 ep14] step 84/145 (57.9%) λ=3.684 L3_TBI~0.113 upd~1.00
  [L3 ep14] step 98/145 (67.6%) λ=3.684 L3_TBI~0.147 upd~0.97
  [L3 ep14] step 112/145 (77.2%) λ=3.684 L3_TBI~0.114 upd~1.00
  [L3 ep14] step 126/145 (86.9%) λ=3.684 L3_TBI~0.107 upd~1.00
  [L3 ep14] step 140/145 (96.6%) λ=3.684 L3_TBI~0.098 upd~1.00
Epoch 14: L3_val= 54.9% L2_val= 23.0% | L1_TBI=0.524±0.111 | L2_TBI=0.370±0.244 | L3_TBI=0.116±0.082 | λ_L3L2=3.684 λ_L2L1=3.684 | upd=1.00 (18s)
  [L3 ep15] step 14/145 ( 9.7%) λ=3.947 L3_TBI~0.119 upd~1.00
  [L3 ep15] step 28/145 (19.3%) λ=3.947 L3_TBI~0.108 upd~1.00
  [L3 ep15] step 42/145 (29.0%) λ=3.947 L3_TBI~0.107 upd~1.00
  [L3 ep15] step 56/145 (38.6%) λ=3.947 L3_TBI~0.132 upd~1.00
  [L3 ep15] step 70/145 (48.3%) λ=3.947 L3_TBI~0.128 upd~0.97
  [L3 ep15] step 84/145 (57.9%) λ=3.947 L3_TBI~0.106 upd~1.00
  [L3 ep15] step 98/145 (67.6%) λ=3.947 L3_TBI~0.107 upd~1.00
  [L3 ep15] step 112/145 (77.2%) λ=3.947 L3_TBI~0.108 upd~1.00
  [L3 ep15] step 126/145 (86.9%) λ=3.947 L3_TBI~0.127 upd~1.00
  [L3 ep15] step 140/145 (96.6%) λ=3.947 L3_TBI~0.132 upd~0.97
Epoch 15: L3_val= 57.7% L2_val= 23.0% | L1_TBI=0.524±0.111 | L2_TBI=0.376±0.251 | L3_TBI=0.118±0.079 | λ_L3L2=3.947 λ_L2L1=3.947 | upd=0.99 (18s)
  [L3 ep16] step 14/145 ( 9.7%) λ=4.211 L3_TBI~0.126 upd~1.00
  [L3 ep16] step 28/145 (19.3%) λ=4.211 L3_TBI~0.139 upd~1.00
  [L3 ep16] step 42/145 (29.0%) λ=4.211 L3_TBI~0.076 upd~0.97
  [L3 ep16] step 56/145 (38.6%) λ=4.211 L3_TBI~0.142 upd~0.97
  [L3 ep16] step 70/145 (48.3%) λ=4.211 L3_TBI~0.140 upd~0.97
  [L3 ep16] step 84/145 (57.9%) λ=4.211 L3_TBI~0.109 upd~1.00
  [L3 ep16] step 98/145 (67.6%) λ=4.211 L3_TBI~0.103 upd~1.00
  [L3 ep16] step 112/145 (77.2%) λ=4.211 L3_TBI~0.110 upd~1.00
  [L3 ep16] step 126/145 (86.9%) λ=4.211 L3_TBI~0.099 upd~1.00
  [L3 ep16] step 140/145 (96.6%) λ=4.211 L3_TBI~0.132 upd~1.00
Epoch 16: L3_val= 57.5% L2_val= 23.0% | L1_TBI=0.524±0.111 | L2_TBI=0.380±0.258 | L3_TBI=0.117±0.080 | λ_L3L2=4.211 λ_L2L1=4.211 | upd=0.99 (18s)
  [L3 ep17] step 14/145 ( 9.7%) λ=4.474 L3_TBI~0.126 upd~1.00
  [L3 ep17] step 28/145 (19.3%) λ=4.474 L3_TBI~0.098 upd~1.00
  [L3 ep17] step 42/145 (29.0%) λ=4.474 L3_TBI~0.109 upd~1.00
  [L3 ep17] step 56/145 (38.6%) λ=4.474 L3_TBI~0.117 upd~1.00
  [L3 ep17] step 70/145 (48.3%) λ=4.474 L3_TBI~0.121 upd~1.00
  [L3 ep17] step 84/145 (57.9%) λ=4.474 L3_TBI~0.115 upd~1.00
  [L3 ep17] step 98/145 (67.6%) λ=4.474 L3_TBI~0.130 upd~1.00
  [L3 ep17] step 112/145 (77.2%) λ=4.474 L3_TBI~0.105 upd~1.00
  [L3 ep17] step 126/145 (86.9%) λ=4.474 L3_TBI~0.122 upd~0.97
  [L3 ep17] step 140/145 (96.6%) λ=4.474 L3_TBI~0.111 upd~1.00
Epoch 17: L3_val= 56.7% L2_val= 23.0% | L1_TBI=0.524±0.111 | L2_TBI=0.388±0.269 | L3_TBI=0.118±0.083 | λ_L3L2=4.474 λ_L2L1=4.474 | upd=1.00 (18s)
  [L3 ep18] step 14/145 ( 9.7%) λ=4.737 L3_TBI~0.116 upd~1.00
  [L3 ep18] step 28/145 (19.3%) λ=4.737 L3_TBI~0.118 upd~1.00
  [L3 ep18] step 42/145 (29.0%) λ=4.737 L3_TBI~0.125 upd~1.00
  [L3 ep18] step 56/145 (38.6%) λ=4.737 L3_TBI~0.124 upd~1.00
  [L3 ep18] step 70/145 (48.3%) λ=4.737 L3_TBI~0.110 upd~1.00
  [L3 ep18] step 84/145 (57.9%) λ=4.737 L3_TBI~0.116 upd~1.00
  [L3 ep18] step 98/145 (67.6%) λ=4.737 L3_TBI~0.116 upd~1.00
  [L3 ep18] step 112/145 (77.2%) λ=4.737 L3_TBI~0.120 upd~1.00
  [L3 ep18] step 126/145 (86.9%) λ=4.737 L3_TBI~0.106 upd~1.00
  [L3 ep18] step 140/145 (96.6%) λ=4.737 L3_TBI~0.070 upd~1.00
Epoch 18: L3_val= 58.2% L2_val= 23.0% | L1_TBI=0.524±0.111 | L2_TBI=0.394±0.278 | L3_TBI=0.117±0.079 | λ_L3L2=4.737 λ_L2L1=4.737 | upd=1.00 (18s)
  [L3 ep19] step 14/145 ( 9.7%) λ=5.000 L3_TBI~0.113 upd~1.00
  [L3 ep19] step 28/145 (19.3%) λ=5.000 L3_TBI~0.100 upd~1.00
  [L3 ep19] step 42/145 (29.0%) λ=5.000 L3_TBI~0.132 upd~1.00
  [L3 ep19] step 56/145 (38.6%) λ=5.000 L3_TBI~0.131 upd~1.00
  [L3 ep19] step 70/145 (48.3%) λ=5.000 L3_TBI~0.136 upd~0.97
  [L3 ep19] step 84/145 (57.9%) λ=5.000 L3_TBI~0.130 upd~1.00
  [L3 ep19] step 98/145 (67.6%) λ=5.000 L3_TBI~0.125 upd~1.00
  [L3 ep19] step 112/145 (77.2%) λ=5.000 L3_TBI~0.124 upd~1.00
  [L3 ep19] step 126/145 (86.9%) λ=5.000 L3_TBI~0.124 upd~1.00
  [L3 ep19] step 140/145 (96.6%) λ=5.000 L3_TBI~0.116 upd~1.00
Epoch 19: L3_val= 56.7% L2_val= 23.0% | L1_TBI=0.524±0.111 | L2_TBI=0.401±0.288 | L3_TBI=0.116±0.075 | λ_L3L2=5.000 λ_L2L1=5.000 | upd=1.00 (18s)
=== PHASE 3 COMPLETE ===
